[2019-03-19 06:31:50] local.ERROR: exception 'Symfony\Component\Debug\Exception\FatalErrorException' with message 'Class 'MongoDB\Driver\Manager' not found' in /opt/lampp/htdocs/casualstar_new/casualstar/vendor/mongodb/mongodb/src/Client.php:56
Stack trace:
#0 {main}  
[2019-03-19 06:31:50] local.ERROR: exception 'Symfony\Component\Debug\Exception\FatalErrorException' with message 'Class 'MongoDB\Driver\Manager' not found' in /opt/lampp/htdocs/casualstar_new/casualstar/vendor/mongodb/mongodb/src/Client.php:56
Stack trace:
#0 {main}  
[2019-03-19 06:31:54] local.ERROR: exception 'Symfony\Component\Debug\Exception\FatalErrorException' with message 'Class 'MongoDB\Driver\Manager' not found' in /opt/lampp/htdocs/casualstar_new/casualstar/vendor/mongodb/mongodb/src/Client.php:56
Stack trace:
#0 {main}  
[2019-03-19 06:31:54] local.ERROR: exception 'Symfony\Component\Debug\Exception\FatalErrorException' with message 'Class 'MongoDB\Driver\Manager' not found' in /opt/lampp/htdocs/casualstar_new/casualstar/vendor/mongodb/mongodb/src/Client.php:56
Stack trace:
#0 {main}  
[2019-03-19 06:31:54] local.ERROR: exception 'Symfony\Component\Debug\Exception\FatalErrorException' with message 'Class 'MongoDB\Driver\Manager' not found' in /opt/lampp/htdocs/casualstar_new/casualstar/vendor/mongodb/mongodb/src/Client.php:56
Stack trace:
#0 {main}  
[2019-03-19 06:32:28] local.ERROR: exception 'Symfony\Component\Debug\Exception\FatalErrorException' with message 'Class 'MongoDB\Driver\Manager' not found' in /opt/lampp/htdocs/casualstar_new/casualstar/vendor/mongodb/mongodb/src/Client.php:56
Stack trace:
#0 {main}  
[2019-03-19 06:32:29] local.ERROR: exception 'Symfony\Component\Debug\Exception\FatalErrorException' with message 'Class 'MongoDB\Driver\Manager' not found' in /opt/lampp/htdocs/casualstar_new/casualstar/vendor/mongodb/mongodb/src/Client.php:56
Stack trace:
#0 {main}  
[2019-03-19 06:32:29] local.ERROR: exception 'Symfony\Component\Debug\Exception\FatalErrorException' with message 'Class 'MongoDB\Driver\Manager' not found' in /opt/lampp/htdocs/casualstar_new/casualstar/vendor/mongodb/mongodb/src/Client.php:56
Stack trace:
#0 {main}  
[2019-03-19 06:33:33] local.ERROR: exception 'Symfony\Component\Debug\Exception\FatalErrorException' with message 'Class 'MongoDB\Driver\Manager' not found' in /opt/lampp/htdocs/casualstar_new/casualstar/vendor/mongodb/mongodb/src/Client.php:56
Stack trace:
#0 {main}  
[2019-03-19 06:33:38] local.ERROR: exception 'Symfony\Component\Debug\Exception\FatalErrorException' with message 'Class 'MongoDB\Driver\Manager' not found' in /opt/lampp/htdocs/casualstar_new/casualstar/vendor/mongodb/mongodb/src/Client.php:56
Stack trace:
#0 {main}  
[2019-03-19 06:33:39] local.ERROR: exception 'Symfony\Component\Debug\Exception\FatalErrorException' with message 'Class 'MongoDB\Driver\Manager' not found' in /opt/lampp/htdocs/casualstar_new/casualstar/vendor/mongodb/mongodb/src/Client.php:56
Stack trace:
#0 {main}  
[2019-03-19 06:33:39] local.ERROR: exception 'Symfony\Component\Debug\Exception\FatalErrorException' with message 'Class 'MongoDB\Driver\Manager' not found' in /opt/lampp/htdocs/casualstar_new/casualstar/vendor/mongodb/mongodb/src/Client.php:56
Stack trace:
#0 {main}  
[2019-03-19 06:33:39] local.ERROR: exception 'Symfony\Component\Debug\Exception\FatalErrorException' with message 'Class 'MongoDB\Driver\Manager' not found' in /opt/lampp/htdocs/casualstar_new/casualstar/vendor/mongodb/mongodb/src/Client.php:56
Stack trace:
#0 {main}  
[2019-03-19 06:33:58] local.ERROR: exception 'Symfony\Component\Debug\Exception\FatalErrorException' with message 'Class 'MongoDB\Driver\Manager' not found' in /opt/lampp/htdocs/casualstar_new/casualstar/vendor/mongodb/mongodb/src/Client.php:56
Stack trace:
#0 {main}  
[2019-03-19 06:33:58] local.ERROR: exception 'Symfony\Component\Debug\Exception\FatalErrorException' with message 'Class 'MongoDB\Driver\Manager' not found' in /opt/lampp/htdocs/casualstar_new/casualstar/vendor/mongodb/mongodb/src/Client.php:56
Stack trace:
#0 {main}  
[2019-03-19 06:33:58] local.ERROR: exception 'Symfony\Component\Debug\Exception\FatalErrorException' with message 'Class 'MongoDB\Driver\Manager' not found' in /opt/lampp/htdocs/casualstar_new/casualstar/vendor/mongodb/mongodb/src/Client.php:56
Stack trace:
#0 {main}  
[2019-03-19 06:33:58] local.ERROR: exception 'Symfony\Component\Debug\Exception\FatalErrorException' with message 'Class 'MongoDB\Driver\Manager' not found' in /opt/lampp/htdocs/casualstar_new/casualstar/vendor/mongodb/mongodb/src/Client.php:56
Stack trace:
#0 {main}  
[2019-03-19 06:34:45] local.ERROR: exception 'Symfony\Component\Debug\Exception\FatalErrorException' with message 'Class 'MongoDB\Driver\Manager' not found' in /opt/lampp/htdocs/casualstar_new/casualstar/vendor/mongodb/mongodb/src/Client.php:56
Stack trace:
#0 {main}  
[2019-03-19 06:35:12] local.ERROR: exception 'ErrorException' with message 'Undefined variable: showdate' in /opt/lampp/htdocs/casualstar_new/casualstar/storage/framework/views/d4d4d5322a11a276ebfc60a0a9be4c4918a5f3cd.php:34
Stack trace:
#0 /opt/lampp/htdocs/casualstar_new/casualstar/storage/framework/views/d4d4d5322a11a276ebfc60a0a9be4c4918a5f3cd.php(34): Illuminate\Foundation\Bootstrap\HandleExceptions->handleError(8, 'Undefined varia...', '/opt/lampp/htdo...', 34, Array)
#1 /opt/lampp/htdocs/casualstar_new/casualstar/vendor/laravel/framework/src/Illuminate/View/Engines/PhpEngine.php(42): include('/opt/lampp/htdo...')
#2 /opt/lampp/htdocs/casualstar_new/casualstar/vendor/laravel/framework/src/Illuminate/View/Engines/CompilerEngine.php(59): Illuminate\View\Engines\PhpEngine->evaluatePath('/opt/lampp/htdo...', Array)
#3 /opt/lampp/htdocs/casualstar_new/casualstar/vendor/laravel/framework/src/Illuminate/View/View.php(149): Illuminate\View\Engines\CompilerEngine->get('/opt/lampp/htdo...', Array)
#4 /opt/lampp/htdocs/casualstar_new/casualstar/vendor/laravel/framework/src/Illuminate/View/View.php(120): Illuminate\View\View->getContents()
#5 /opt/lampp/htdocs/casualstar_new/casualstar/vendor/laravel/framework/src/Illuminate/View/View.php(85): Illuminate\View\View->renderContents()
#6 /opt/lampp/htdocs/casualstar_new/casualstar/vendor/laravel/framework/src/Illuminate/Http/Response.php(53): Illuminate\View\View->render()
#7 /opt/lampp/htdocs/casualstar_new/casualstar/vendor/symfony/http-foundation/Response.php(201): Illuminate\Http\Response->setContent(Object(Illuminate\View\View))
#8 /opt/lampp/htdocs/casualstar_new/casualstar/vendor/laravel/framework/src/Illuminate/Routing/Router.php(1085): Symfony\Component\HttpFoundation\Response->__construct(Object(Illuminate\View\View))
#9 /opt/lampp/htdocs/casualstar_new/casualstar/vendor/laravel/framework/src/Illuminate/Routing/ControllerDispatcher.php(95): Illuminate\Routing\Router->prepareResponse(Object(Illuminate\Http\Request), Object(Illuminate\View\View))
#10 [internal function]: Illuminate\Routing\ControllerDispatcher->Illuminate\Routing\{closure}(Object(Illuminate\Http\Request))
#11 /opt/lampp/htdocs/casualstar_new/casualstar/vendor/laravel/framework/src/Illuminate/Routing/Pipeline.php(52): call_user_func(Object(Closure), Object(Illuminate\Http\Request))
#12 [internal function]: Illuminate\Routing\Pipeline->Illuminate\Routing\{closure}(Object(Illuminate\Http\Request))
#13 /opt/lampp/htdocs/casualstar_new/casualstar/vendor/laravel/framework/src/Illuminate/Pipeline/Pipeline.php(103): call_user_func(Object(Closure), Object(Illuminate\Http\Request))
#14 /opt/lampp/htdocs/casualstar_new/casualstar/vendor/laravel/framework/src/Illuminate/Routing/ControllerDispatcher.php(96): Illuminate\Pipeline\Pipeline->then(Object(Closure))
#15 /opt/lampp/htdocs/casualstar_new/casualstar/vendor/laravel/framework/src/Illuminate/Routing/ControllerDispatcher.php(54): Illuminate\Routing\ControllerDispatcher->callWithinStack(Object(App\Http\Controllers\competitionController), Object(Illuminate\Routing\Route), Object(Illuminate\Http\Request), 'editd')
#16 /opt/lampp/htdocs/casualstar_new/casualstar/vendor/laravel/framework/src/Illuminate/Routing/Route.php(174): Illuminate\Routing\ControllerDispatcher->dispatch(Object(Illuminate\Routing\Route), Object(Illuminate\Http\Request), 'App\\Http\\Contro...', 'editd')
#17 /opt/lampp/htdocs/casualstar_new/casualstar/vendor/laravel/framework/src/Illuminate/Routing/Route.php(140): Illuminate\Routing\Route->runController(Object(Illuminate\Http\Request))
#18 /opt/lampp/htdocs/casualstar_new/casualstar/vendor/laravel/framework/src/Illuminate/Routing/Router.php(724): Illuminate\Routing\Route->run(Object(Illuminate\Http\Request))
#19 [internal function]: Illuminate\Routing\Router->Illuminate\Routing\{closure}(Object(Illuminate\Http\Request))
#20 /opt/lampp/htdocs/casualstar_new/casualstar/vendor/laravel/framework/src/Illuminate/Routing/Pipeline.php(52): call_user_func(Object(Closure), Object(Illuminate\Http\Request))
#21 /opt/lampp/htdocs/casualstar_new/casualstar/vendor/laravel/framework/src/Illuminate/Foundation/Http/Middleware/VerifyCsrfToken.php(64): Illuminate\Routing\Pipeline->Illuminate\Routing\{closure}(Object(Illuminate\Http\Request))
#22 [internal function]: Illuminate\Foundation\Http\Middleware\VerifyCsrfToken->handle(Object(Illuminate\Http\Request), Object(Closure))
#23 /opt/lampp/htdocs/casualstar_new/casualstar/vendor/laravel/framework/src/Illuminate/Pipeline/Pipeline.php(136): call_user_func_array(Array, Array)
#24 [internal function]: Illuminate\Pipeline\Pipeline->Illuminate\Pipeline\{closure}(Object(Illuminate\Http\Request))
#25 /opt/lampp/htdocs/casualstar_new/casualstar/vendor/laravel/framework/src/Illuminate/Routing/Pipeline.php(32): call_user_func(Object(Closure), Object(Illuminate\Http\Request))
#26 /opt/lampp/htdocs/casualstar_new/casualstar/vendor/laravel/framework/src/Illuminate/View/Middleware/ShareErrorsFromSession.php(49): Illuminate\Routing\Pipeline->Illuminate\Routing\{closure}(Object(Illuminate\Http\Request))
#27 [internal function]: Illuminate\View\Middleware\ShareErrorsFromSession->handle(Object(Illuminate\Http\Request), Object(Closure))
#28 /opt/lampp/htdocs/casualstar_new/casualstar/vendor/laravel/framework/src/Illuminate/Pipeline/Pipeline.php(136): call_user_func_array(Array, Array)
#29 [internal function]: Illuminate\Pipeline\Pipeline->Illuminate\Pipeline\{closure}(Object(Illuminate\Http\Request))
#30 /opt/lampp/htdocs/casualstar_new/casualstar/vendor/laravel/framework/src/Illuminate/Routing/Pipeline.php(32): call_user_func(Object(Closure), Object(Illuminate\Http\Request))
#31 /opt/lampp/htdocs/casualstar_new/casualstar/vendor/laravel/framework/src/Illuminate/Session/Middleware/StartSession.php(64): Illuminate\Routing\Pipeline->Illuminate\Routing\{closure}(Object(Illuminate\Http\Request))
#32 [internal function]: Illuminate\Session\Middleware\StartSession->handle(Object(Illuminate\Http\Request), Object(Closure))
#33 /opt/lampp/htdocs/casualstar_new/casualstar/vendor/laravel/framework/src/Illuminate/Pipeline/Pipeline.php(136): call_user_func_array(Array, Array)
#34 [internal function]: Illuminate\Pipeline\Pipeline->Illuminate\Pipeline\{closure}(Object(Illuminate\Http\Request))
#35 /opt/lampp/htdocs/casualstar_new/casualstar/vendor/laravel/framework/src/Illuminate/Routing/Pipeline.php(32): call_user_func(Object(Closure), Object(Illuminate\Http\Request))
#36 /opt/lampp/htdocs/casualstar_new/casualstar/vendor/laravel/framework/src/Illuminate/Cookie/Middleware/AddQueuedCookiesToResponse.php(37): Illuminate\Routing\Pipeline->Illuminate\Routing\{closure}(Object(Illuminate\Http\Request))
#37 [internal function]: Illuminate\Cookie\Middleware\AddQueuedCookiesToResponse->handle(Object(Illuminate\Http\Request), Object(Closure))
#38 /opt/lampp/htdocs/casualstar_new/casualstar/vendor/laravel/framework/src/Illuminate/Pipeline/Pipeline.php(136): call_user_func_array(Array, Array)
#39 [internal function]: Illuminate\Pipeline\Pipeline->Illuminate\Pipeline\{closure}(Object(Illuminate\Http\Request))
#40 /opt/lampp/htdocs/casualstar_new/casualstar/vendor/laravel/framework/src/Illuminate/Routing/Pipeline.php(32): call_user_func(Object(Closure), Object(Illuminate\Http\Request))
#41 /opt/lampp/htdocs/casualstar_new/casualstar/vendor/laravel/framework/src/Illuminate/Cookie/Middleware/EncryptCookies.php(59): Illuminate\Routing\Pipeline->Illuminate\Routing\{closure}(Object(Illuminate\Http\Request))
#42 [internal function]: Illuminate\Cookie\Middleware\EncryptCookies->handle(Object(Illuminate\Http\Request), Object(Closure))
#43 /opt/lampp/htdocs/casualstar_new/casualstar/vendor/laravel/framework/src/Illuminate/Pipeline/Pipeline.php(136): call_user_func_array(Array, Array)
#44 [internal function]: Illuminate\Pipeline\Pipeline->Illuminate\Pipeline\{closure}(Object(Illuminate\Http\Request))
#45 /opt/lampp/htdocs/casualstar_new/casualstar/vendor/laravel/framework/src/Illuminate/Routing/Pipeline.php(32): call_user_func(Object(Closure), Object(Illuminate\Http\Request))
#46 [internal function]: Illuminate\Routing\Pipeline->Illuminate\Routing\{closure}(Object(Illuminate\Http\Request))
#47 /opt/lampp/htdocs/casualstar_new/casualstar/vendor/laravel/framework/src/Illuminate/Pipeline/Pipeline.php(103): call_user_func(Object(Closure), Object(Illuminate\Http\Request))
#48 /opt/lampp/htdocs/casualstar_new/casualstar/vendor/laravel/framework/src/Illuminate/Routing/Router.php(726): Illuminate\Pipeline\Pipeline->then(Object(Closure))
#49 /opt/lampp/htdocs/casualstar_new/casualstar/vendor/laravel/framework/src/Illuminate/Routing/Router.php(699): Illuminate\Routing\Router->runRouteWithinStack(Object(Illuminate\Routing\Route), Object(Illuminate\Http\Request))
#50 /opt/lampp/htdocs/casualstar_new/casualstar/vendor/laravel/framework/src/Illuminate/Routing/Router.php(675): Illuminate\Routing\Router->dispatchToRoute(Object(Illuminate\Http\Request))
#51 /opt/lampp/htdocs/casualstar_new/casualstar/vendor/laravel/framework/src/Illuminate/Foundation/Http/Kernel.php(246): Illuminate\Routing\Router->dispatch(Object(Illuminate\Http\Request))
#52 [internal function]: Illuminate\Foundation\Http\Kernel->Illuminate\Foundation\Http\{closure}(Object(Illuminate\Http\Request))
#53 /opt/lampp/htdocs/casualstar_new/casualstar/vendor/laravel/framework/src/Illuminate/Routing/Pipeline.php(52): call_user_func(Object(Closure), Object(Illuminate\Http\Request))
#54 /opt/lampp/htdocs/casualstar_new/casualstar/vendor/laravel/framework/src/Illuminate/Foundation/Http/Middleware/CheckForMaintenanceMode.php(44): Illuminate\Routing\Pipeline->Illuminate\Routing\{closure}(Object(Illuminate\Http\Request))
#55 [internal function]: Illuminate\Foundation\Http\Middleware\CheckForMaintenanceMode->handle(Object(Illuminate\Http\Request), Object(Closure))
#56 /opt/lampp/htdocs/casualstar_new/casualstar/vendor/laravel/framework/src/Illuminate/Pipeline/Pipeline.php(136): call_user_func_array(Array, Array)
#57 [internal function]: Illuminate\Pipeline\Pipeline->Illuminate\Pipeline\{closure}(Object(Illuminate\Http\Request))
#58 /opt/lampp/htdocs/casualstar_new/casualstar/vendor/laravel/framework/src/Illuminate/Routing/Pipeline.php(32): call_user_func(Object(Closure), Object(Illuminate\Http\Request))
#59 [internal function]: Illuminate\Routing\Pipeline->Illuminate\Routing\{closure}(Object(Illuminate\Http\Request))
#60 /opt/lampp/htdocs/casualstar_new/casualstar/vendor/laravel/framework/src/Illuminate/Pipeline/Pipeline.php(103): call_user_func(Object(Closure), Object(Illuminate\Http\Request))
#61 /opt/lampp/htdocs/casualstar_new/casualstar/vendor/laravel/framework/src/Illuminate/Foundation/Http/Kernel.php(132): Illuminate\Pipeline\Pipeline->then(Object(Closure))
#62 /opt/lampp/htdocs/casualstar_new/casualstar/vendor/laravel/framework/src/Illuminate/Foundation/Http/Kernel.php(99): Illuminate\Foundation\Http\Kernel->sendRequestThroughRouter(Object(Illuminate\Http\Request))
#63 /opt/lampp/htdocs/casualstar_new/casualstar/public/index.php(54): Illuminate\Foundation\Http\Kernel->handle(Object(Illuminate\Http\Request))
#64 /opt/lampp/htdocs/casualstar_new/casualstar/server.php(21): require_once('/opt/lampp/htdo...')
#65 {main}

Next exception 'ErrorException' with message 'Undefined variable: showdate (View: /opt/lampp/htdocs/casualstar_new/casualstar/resources/views/competitions.blade.php)' in /opt/lampp/htdocs/casualstar_new/casualstar/storage/framework/views/d4d4d5322a11a276ebfc60a0a9be4c4918a5f3cd.php:34
Stack trace:
#0 /opt/lampp/htdocs/casualstar_new/casualstar/vendor/laravel/framework/src/Illuminate/View/Engines/PhpEngine.php(44): Illuminate\View\Engines\CompilerEngine->handleViewException(Object(ErrorException), 1)
#1 /opt/lampp/htdocs/casualstar_new/casualstar/vendor/laravel/framework/src/Illuminate/View/Engines/CompilerEngine.php(59): Illuminate\View\Engines\PhpEngine->evaluatePath('/opt/lampp/htdo...', Array)
#2 /opt/lampp/htdocs/casualstar_new/casualstar/vendor/laravel/framework/src/Illuminate/View/View.php(149): Illuminate\View\Engines\CompilerEngine->get('/opt/lampp/htdo...', Array)
#3 /opt/lampp/htdocs/casualstar_new/casualstar/vendor/laravel/framework/src/Illuminate/View/View.php(120): Illuminate\View\View->getContents()
#4 /opt/lampp/htdocs/casualstar_new/casualstar/vendor/laravel/framework/src/Illuminate/View/View.php(85): Illuminate\View\View->renderContents()
#5 /opt/lampp/htdocs/casualstar_new/casualstar/vendor/laravel/framework/src/Illuminate/Http/Response.php(53): Illuminate\View\View->render()
#6 /opt/lampp/htdocs/casualstar_new/casualstar/vendor/symfony/http-foundation/Response.php(201): Illuminate\Http\Response->setContent(Object(Illuminate\View\View))
#7 /opt/lampp/htdocs/casualstar_new/casualstar/vendor/laravel/framework/src/Illuminate/Routing/Router.php(1085): Symfony\Component\HttpFoundation\Response->__construct(Object(Illuminate\View\View))
#8 /opt/lampp/htdocs/casualstar_new/casualstar/vendor/laravel/framework/src/Illuminate/Routing/ControllerDispatcher.php(95): Illuminate\Routing\Router->prepareResponse(Object(Illuminate\Http\Request), Object(Illuminate\View\View))
#9 [internal function]: Illuminate\Routing\ControllerDispatcher->Illuminate\Routing\{closure}(Object(Illuminate\Http\Request))
#10 /opt/lampp/htdocs/casualstar_new/casualstar/vendor/laravel/framework/src/Illuminate/Routing/Pipeline.php(52): call_user_func(Object(Closure), Object(Illuminate\Http\Request))
#11 [internal function]: Illuminate\Routing\Pipeline->Illuminate\Routing\{closure}(Object(Illuminate\Http\Request))
#12 /opt/lampp/htdocs/casualstar_new/casualstar/vendor/laravel/framework/src/Illuminate/Pipeline/Pipeline.php(103): call_user_func(Object(Closure), Object(Illuminate\Http\Request))
#13 /opt/lampp/htdocs/casualstar_new/casualstar/vendor/laravel/framework/src/Illuminate/Routing/ControllerDispatcher.php(96): Illuminate\Pipeline\Pipeline->then(Object(Closure))
#14 /opt/lampp/htdocs/casualstar_new/casualstar/vendor/laravel/framework/src/Illuminate/Routing/ControllerDispatcher.php(54): Illuminate\Routing\ControllerDispatcher->callWithinStack(Object(App\Http\Controllers\competitionController), Object(Illuminate\Routing\Route), Object(Illuminate\Http\Request), 'editd')
#15 /opt/lampp/htdocs/casualstar_new/casualstar/vendor/laravel/framework/src/Illuminate/Routing/Route.php(174): Illuminate\Routing\ControllerDispatcher->dispatch(Object(Illuminate\Routing\Route), Object(Illuminate\Http\Request), 'App\\Http\\Contro...', 'editd')
#16 /opt/lampp/htdocs/casualstar_new/casualstar/vendor/laravel/framework/src/Illuminate/Routing/Route.php(140): Illuminate\Routing\Route->runController(Object(Illuminate\Http\Request))
#17 /opt/lampp/htdocs/casualstar_new/casualstar/vendor/laravel/framework/src/Illuminate/Routing/Router.php(724): Illuminate\Routing\Route->run(Object(Illuminate\Http\Request))
#18 [internal function]: Illuminate\Routing\Router->Illuminate\Routing\{closure}(Object(Illuminate\Http\Request))
#19 /opt/lampp/htdocs/casualstar_new/casualstar/vendor/laravel/framework/src/Illuminate/Routing/Pipeline.php(52): call_user_func(Object(Closure), Object(Illuminate\Http\Request))
#20 /opt/lampp/htdocs/casualstar_new/casualstar/vendor/laravel/framework/src/Illuminate/Foundation/Http/Middleware/VerifyCsrfToken.php(64): Illuminate\Routing\Pipeline->Illuminate\Routing\{closure}(Object(Illuminate\Http\Request))
#21 [internal function]: Illuminate\Foundation\Http\Middleware\VerifyCsrfToken->handle(Object(Illuminate\Http\Request), Object(Closure))
#22 /opt/lampp/htdocs/casualstar_new/casualstar/vendor/laravel/framework/src/Illuminate/Pipeline/Pipeline.php(136): call_user_func_array(Array, Array)
#23 [internal function]: Illuminate\Pipeline\Pipeline->Illuminate\Pipeline\{closure}(Object(Illuminate\Http\Request))
#24 /opt/lampp/htdocs/casualstar_new/casualstar/vendor/laravel/framework/src/Illuminate/Routing/Pipeline.php(32): call_user_func(Object(Closure), Object(Illuminate\Http\Request))
#25 /opt/lampp/htdocs/casualstar_new/casualstar/vendor/laravel/framework/src/Illuminate/View/Middleware/ShareErrorsFromSession.php(49): Illuminate\Routing\Pipeline->Illuminate\Routing\{closure}(Object(Illuminate\Http\Request))
#26 [internal function]: Illuminate\View\Middleware\ShareErrorsFromSession->handle(Object(Illuminate\Http\Request), Object(Closure))
#27 /opt/lampp/htdocs/casualstar_new/casualstar/vendor/laravel/framework/src/Illuminate/Pipeline/Pipeline.php(136): call_user_func_array(Array, Array)
#28 [internal function]: Illuminate\Pipeline\Pipeline->Illuminate\Pipeline\{closure}(Object(Illuminate\Http\Request))
#29 /opt/lampp/htdocs/casualstar_new/casualstar/vendor/laravel/framework/src/Illuminate/Routing/Pipeline.php(32): call_user_func(Object(Closure), Object(Illuminate\Http\Request))
#30 /opt/lampp/htdocs/casualstar_new/casualstar/vendor/laravel/framework/src/Illuminate/Session/Middleware/StartSession.php(64): Illuminate\Routing\Pipeline->Illuminate\Routing\{closure}(Object(Illuminate\Http\Request))
#31 [internal function]: Illuminate\Session\Middleware\StartSession->handle(Object(Illuminate\Http\Request), Object(Closure))
#32 /opt/lampp/htdocs/casualstar_new/casualstar/vendor/laravel/framework/src/Illuminate/Pipeline/Pipeline.php(136): call_user_func_array(Array, Array)
#33 [internal function]: Illuminate\Pipeline\Pipeline->Illuminate\Pipeline\{closure}(Object(Illuminate\Http\Request))
#34 /opt/lampp/htdocs/casualstar_new/casualstar/vendor/laravel/framework/src/Illuminate/Routing/Pipeline.php(32): call_user_func(Object(Closure), Object(Illuminate\Http\Request))
#35 /opt/lampp/htdocs/casualstar_new/casualstar/vendor/laravel/framework/src/Illuminate/Cookie/Middleware/AddQueuedCookiesToResponse.php(37): Illuminate\Routing\Pipeline->Illuminate\Routing\{closure}(Object(Illuminate\Http\Request))
#36 [internal function]: Illuminate\Cookie\Middleware\AddQueuedCookiesToResponse->handle(Object(Illuminate\Http\Request), Object(Closure))
#37 /opt/lampp/htdocs/casualstar_new/casualstar/vendor/laravel/framework/src/Illuminate/Pipeline/Pipeline.php(136): call_user_func_array(Array, Array)
#38 [internal function]: Illuminate\Pipeline\Pipeline->Illuminate\Pipeline\{closure}(Object(Illuminate\Http\Request))
#39 /opt/lampp/htdocs/casualstar_new/casualstar/vendor/laravel/framework/src/Illuminate/Routing/Pipeline.php(32): call_user_func(Object(Closure), Object(Illuminate\Http\Request))
#40 /opt/lampp/htdocs/casualstar_new/casualstar/vendor/laravel/framework/src/Illuminate/Cookie/Middleware/EncryptCookies.php(59): Illuminate\Routing\Pipeline->Illuminate\Routing\{closure}(Object(Illuminate\Http\Request))
#41 [internal function]: Illuminate\Cookie\Middleware\EncryptCookies->handle(Object(Illuminate\Http\Request), Object(Closure))
#42 /opt/lampp/htdocs/casualstar_new/casualstar/vendor/laravel/framework/src/Illuminate/Pipeline/Pipeline.php(136): call_user_func_array(Array, Array)
#43 [internal function]: Illuminate\Pipeline\Pipeline->Illuminate\Pipeline\{closure}(Object(Illuminate\Http\Request))
#44 /opt/lampp/htdocs/casualstar_new/casualstar/vendor/laravel/framework/src/Illuminate/Routing/Pipeline.php(32): call_user_func(Object(Closure), Object(Illuminate\Http\Request))
#45 [internal function]: Illuminate\Routing\Pipeline->Illuminate\Routing\{closure}(Object(Illuminate\Http\Request))
#46 /opt/lampp/htdocs/casualstar_new/casualstar/vendor/laravel/framework/src/Illuminate/Pipeline/Pipeline.php(103): call_user_func(Object(Closure), Object(Illuminate\Http\Request))
#47 /opt/lampp/htdocs/casualstar_new/casualstar/vendor/laravel/framework/src/Illuminate/Routing/Router.php(726): Illuminate\Pipeline\Pipeline->then(Object(Closure))
#48 /opt/lampp/htdocs/casualstar_new/casualstar/vendor/laravel/framework/src/Illuminate/Routing/Router.php(699): Illuminate\Routing\Router->runRouteWithinStack(Object(Illuminate\Routing\Route), Object(Illuminate\Http\Request))
#49 /opt/lampp/htdocs/casualstar_new/casualstar/vendor/laravel/framework/src/Illuminate/Routing/Router.php(675): Illuminate\Routing\Router->dispatchToRoute(Object(Illuminate\Http\Request))
#50 /opt/lampp/htdocs/casualstar_new/casualstar/vendor/laravel/framework/src/Illuminate/Foundation/Http/Kernel.php(246): Illuminate\Routing\Router->dispatch(Object(Illuminate\Http\Request))
#51 [internal function]: Illuminate\Foundation\Http\Kernel->Illuminate\Foundation\Http\{closure}(Object(Illuminate\Http\Request))
#52 /opt/lampp/htdocs/casualstar_new/casualstar/vendor/laravel/framework/src/Illuminate/Routing/Pipeline.php(52): call_user_func(Object(Closure), Object(Illuminate\Http\Request))
#53 /opt/lampp/htdocs/casualstar_new/casualstar/vendor/laravel/framework/src/Illuminate/Foundation/Http/Middleware/CheckForMaintenanceMode.php(44): Illuminate\Routing\Pipeline->Illuminate\Routing\{closure}(Object(Illuminate\Http\Request))
#54 [internal function]: Illuminate\Foundation\Http\Middleware\CheckForMaintenanceMode->handle(Object(Illuminate\Http\Request), Object(Closure))
#55 /opt/lampp/htdocs/casualstar_new/casualstar/vendor/laravel/framework/src/Illuminate/Pipeline/Pipeline.php(136): call_user_func_array(Array, Array)
#56 [internal function]: Illuminate\Pipeline\Pipeline->Illuminate\Pipeline\{closure}(Object(Illuminate\Http\Request))
#57 /opt/lampp/htdocs/casualstar_new/casualstar/vendor/laravel/framework/src/Illuminate/Routing/Pipeline.php(32): call_user_func(Object(Closure), Object(Illuminate\Http\Request))
#58 [internal function]: Illuminate\Routing\Pipeline->Illuminate\Routing\{closure}(Object(Illuminate\Http\Request))
#59 /opt/lampp/htdocs/casualstar_new/casualstar/vendor/laravel/framework/src/Illuminate/Pipeline/Pipeline.php(103): call_user_func(Object(Closure), Object(Illuminate\Http\Request))
#60 /opt/lampp/htdocs/casualstar_new/casualstar/vendor/laravel/framework/src/Illuminate/Foundation/Http/Kernel.php(132): Illuminate\Pipeline\Pipeline->then(Object(Closure))
#61 /opt/lampp/htdocs/casualstar_new/casualstar/vendor/laravel/framework/src/Illuminate/Foundation/Http/Kernel.php(99): Illuminate\Foundation\Http\Kernel->sendRequestThroughRouter(Object(Illuminate\Http\Request))
#62 /opt/lampp/htdocs/casualstar_new/casualstar/public/index.php(54): Illuminate\Foundation\Http\Kernel->handle(Object(Illuminate\Http\Request))
#63 /opt/lampp/htdocs/casualstar_new/casualstar/server.php(21): require_once('/opt/lampp/htdo...')
#64 {main}  
[2019-03-19 06:35:26] local.ERROR: exception 'ErrorException' with message 'Undefined variable: showdate' in /opt/lampp/htdocs/casualstar_new/casualstar/storage/framework/views/d4d4d5322a11a276ebfc60a0a9be4c4918a5f3cd.php:34
Stack trace:
#0 /opt/lampp/htdocs/casualstar_new/casualstar/storage/framework/views/d4d4d5322a11a276ebfc60a0a9be4c4918a5f3cd.php(34): Illuminate\Foundation\Bootstrap\HandleExceptions->handleError(8, 'Undefined varia...', '/opt/lampp/htdo...', 34, Array)
#1 /opt/lampp/htdocs/casualstar_new/casualstar/vendor/laravel/framework/src/Illuminate/View/Engines/PhpEngine.php(42): include('/opt/lampp/htdo...')
#2 /opt/lampp/htdocs/casualstar_new/casualstar/vendor/laravel/framework/src/Illuminate/View/Engines/CompilerEngine.php(59): Illuminate\View\Engines\PhpEngine->evaluatePath('/opt/lampp/htdo...', Array)
#3 /opt/lampp/htdocs/casualstar_new/casualstar/vendor/laravel/framework/src/Illuminate/View/View.php(149): Illuminate\View\Engines\CompilerEngine->get('/opt/lampp/htdo...', Array)
#4 /opt/lampp/htdocs/casualstar_new/casualstar/vendor/laravel/framework/src/Illuminate/View/View.php(120): Illuminate\View\View->getContents()
#5 /opt/lampp/htdocs/casualstar_new/casualstar/vendor/laravel/framework/src/Illuminate/View/View.php(85): Illuminate\View\View->renderContents()
#6 /opt/lampp/htdocs/casualstar_new/casualstar/vendor/laravel/framework/src/Illuminate/Http/Response.php(53): Illuminate\View\View->render()
#7 /opt/lampp/htdocs/casualstar_new/casualstar/vendor/symfony/http-foundation/Response.php(201): Illuminate\Http\Response->setContent(Object(Illuminate\View\View))
#8 /opt/lampp/htdocs/casualstar_new/casualstar/vendor/laravel/framework/src/Illuminate/Routing/Router.php(1085): Symfony\Component\HttpFoundation\Response->__construct(Object(Illuminate\View\View))
#9 /opt/lampp/htdocs/casualstar_new/casualstar/vendor/laravel/framework/src/Illuminate/Routing/ControllerDispatcher.php(95): Illuminate\Routing\Router->prepareResponse(Object(Illuminate\Http\Request), Object(Illuminate\View\View))
#10 [internal function]: Illuminate\Routing\ControllerDispatcher->Illuminate\Routing\{closure}(Object(Illuminate\Http\Request))
#11 /opt/lampp/htdocs/casualstar_new/casualstar/vendor/laravel/framework/src/Illuminate/Routing/Pipeline.php(52): call_user_func(Object(Closure), Object(Illuminate\Http\Request))
#12 [internal function]: Illuminate\Routing\Pipeline->Illuminate\Routing\{closure}(Object(Illuminate\Http\Request))
#13 /opt/lampp/htdocs/casualstar_new/casualstar/vendor/laravel/framework/src/Illuminate/Pipeline/Pipeline.php(103): call_user_func(Object(Closure), Object(Illuminate\Http\Request))
#14 /opt/lampp/htdocs/casualstar_new/casualstar/vendor/laravel/framework/src/Illuminate/Routing/ControllerDispatcher.php(96): Illuminate\Pipeline\Pipeline->then(Object(Closure))
#15 /opt/lampp/htdocs/casualstar_new/casualstar/vendor/laravel/framework/src/Illuminate/Routing/ControllerDispatcher.php(54): Illuminate\Routing\ControllerDispatcher->callWithinStack(Object(App\Http\Controllers\competitionController), Object(Illuminate\Routing\Route), Object(Illuminate\Http\Request), 'editd')
#16 /opt/lampp/htdocs/casualstar_new/casualstar/vendor/laravel/framework/src/Illuminate/Routing/Route.php(174): Illuminate\Routing\ControllerDispatcher->dispatch(Object(Illuminate\Routing\Route), Object(Illuminate\Http\Request), 'App\\Http\\Contro...', 'editd')
#17 /opt/lampp/htdocs/casualstar_new/casualstar/vendor/laravel/framework/src/Illuminate/Routing/Route.php(140): Illuminate\Routing\Route->runController(Object(Illuminate\Http\Request))
#18 /opt/lampp/htdocs/casualstar_new/casualstar/vendor/laravel/framework/src/Illuminate/Routing/Router.php(724): Illuminate\Routing\Route->run(Object(Illuminate\Http\Request))
#19 [internal function]: Illuminate\Routing\Router->Illuminate\Routing\{closure}(Object(Illuminate\Http\Request))
#20 /opt/lampp/htdocs/casualstar_new/casualstar/vendor/laravel/framework/src/Illuminate/Routing/Pipeline.php(52): call_user_func(Object(Closure), Object(Illuminate\Http\Request))
#21 /opt/lampp/htdocs/casualstar_new/casualstar/vendor/laravel/framework/src/Illuminate/Foundation/Http/Middleware/VerifyCsrfToken.php(64): Illuminate\Routing\Pipeline->Illuminate\Routing\{closure}(Object(Illuminate\Http\Request))
#22 [internal function]: Illuminate\Foundation\Http\Middleware\VerifyCsrfToken->handle(Object(Illuminate\Http\Request), Object(Closure))
#23 /opt/lampp/htdocs/casualstar_new/casualstar/vendor/laravel/framework/src/Illuminate/Pipeline/Pipeline.php(136): call_user_func_array(Array, Array)
#24 [internal function]: Illuminate\Pipeline\Pipeline->Illuminate\Pipeline\{closure}(Object(Illuminate\Http\Request))
#25 /opt/lampp/htdocs/casualstar_new/casualstar/vendor/laravel/framework/src/Illuminate/Routing/Pipeline.php(32): call_user_func(Object(Closure), Object(Illuminate\Http\Request))
#26 /opt/lampp/htdocs/casualstar_new/casualstar/vendor/laravel/framework/src/Illuminate/View/Middleware/ShareErrorsFromSession.php(49): Illuminate\Routing\Pipeline->Illuminate\Routing\{closure}(Object(Illuminate\Http\Request))
#27 [internal function]: Illuminate\View\Middleware\ShareErrorsFromSession->handle(Object(Illuminate\Http\Request), Object(Closure))
#28 /opt/lampp/htdocs/casualstar_new/casualstar/vendor/laravel/framework/src/Illuminate/Pipeline/Pipeline.php(136): call_user_func_array(Array, Array)
#29 [internal function]: Illuminate\Pipeline\Pipeline->Illuminate\Pipeline\{closure}(Object(Illuminate\Http\Request))
#30 /opt/lampp/htdocs/casualstar_new/casualstar/vendor/laravel/framework/src/Illuminate/Routing/Pipeline.php(32): call_user_func(Object(Closure), Object(Illuminate\Http\Request))
#31 /opt/lampp/htdocs/casualstar_new/casualstar/vendor/laravel/framework/src/Illuminate/Session/Middleware/StartSession.php(64): Illuminate\Routing\Pipeline->Illuminate\Routing\{closure}(Object(Illuminate\Http\Request))
#32 [internal function]: Illuminate\Session\Middleware\StartSession->handle(Object(Illuminate\Http\Request), Object(Closure))
#33 /opt/lampp/htdocs/casualstar_new/casualstar/vendor/laravel/framework/src/Illuminate/Pipeline/Pipeline.php(136): call_user_func_array(Array, Array)
#34 [internal function]: Illuminate\Pipeline\Pipeline->Illuminate\Pipeline\{closure}(Object(Illuminate\Http\Request))
#35 /opt/lampp/htdocs/casualstar_new/casualstar/vendor/laravel/framework/src/Illuminate/Routing/Pipeline.php(32): call_user_func(Object(Closure), Object(Illuminate\Http\Request))
#36 /opt/lampp/htdocs/casualstar_new/casualstar/vendor/laravel/framework/src/Illuminate/Cookie/Middleware/AddQueuedCookiesToResponse.php(37): Illuminate\Routing\Pipeline->Illuminate\Routing\{closure}(Object(Illuminate\Http\Request))
#37 [internal function]: Illuminate\Cookie\Middleware\AddQueuedCookiesToResponse->handle(Object(Illuminate\Http\Request), Object(Closure))
#38 /opt/lampp/htdocs/casualstar_new/casualstar/vendor/laravel/framework/src/Illuminate/Pipeline/Pipeline.php(136): call_user_func_array(Array, Array)
#39 [internal function]: Illuminate\Pipeline\Pipeline->Illuminate\Pipeline\{closure}(Object(Illuminate\Http\Request))
#40 /opt/lampp/htdocs/casualstar_new/casualstar/vendor/laravel/framework/src/Illuminate/Routing/Pipeline.php(32): call_user_func(Object(Closure), Object(Illuminate\Http\Request))
#41 /opt/lampp/htdocs/casualstar_new/casualstar/vendor/laravel/framework/src/Illuminate/Cookie/Middleware/EncryptCookies.php(59): Illuminate\Routing\Pipeline->Illuminate\Routing\{closure}(Object(Illuminate\Http\Request))
#42 [internal function]: Illuminate\Cookie\Middleware\EncryptCookies->handle(Object(Illuminate\Http\Request), Object(Closure))
#43 /opt/lampp/htdocs/casualstar_new/casualstar/vendor/laravel/framework/src/Illuminate/Pipeline/Pipeline.php(136): call_user_func_array(Array, Array)
#44 [internal function]: Illuminate\Pipeline\Pipeline->Illuminate\Pipeline\{closure}(Object(Illuminate\Http\Request))
#45 /opt/lampp/htdocs/casualstar_new/casualstar/vendor/laravel/framework/src/Illuminate/Routing/Pipeline.php(32): call_user_func(Object(Closure), Object(Illuminate\Http\Request))
#46 [internal function]: Illuminate\Routing\Pipeline->Illuminate\Routing\{closure}(Object(Illuminate\Http\Request))
#47 /opt/lampp/htdocs/casualstar_new/casualstar/vendor/laravel/framework/src/Illuminate/Pipeline/Pipeline.php(103): call_user_func(Object(Closure), Object(Illuminate\Http\Request))
#48 /opt/lampp/htdocs/casualstar_new/casualstar/vendor/laravel/framework/src/Illuminate/Routing/Router.php(726): Illuminate\Pipeline\Pipeline->then(Object(Closure))
#49 /opt/lampp/htdocs/casualstar_new/casualstar/vendor/laravel/framework/src/Illuminate/Routing/Router.php(699): Illuminate\Routing\Router->runRouteWithinStack(Object(Illuminate\Routing\Route), Object(Illuminate\Http\Request))
#50 /opt/lampp/htdocs/casualstar_new/casualstar/vendor/laravel/framework/src/Illuminate/Routing/Router.php(675): Illuminate\Routing\Router->dispatchToRoute(Object(Illuminate\Http\Request))
#51 /opt/lampp/htdocs/casualstar_new/casualstar/vendor/laravel/framework/src/Illuminate/Foundation/Http/Kernel.php(246): Illuminate\Routing\Router->dispatch(Object(Illuminate\Http\Request))
#52 [internal function]: Illuminate\Foundation\Http\Kernel->Illuminate\Foundation\Http\{closure}(Object(Illuminate\Http\Request))
#53 /opt/lampp/htdocs/casualstar_new/casualstar/vendor/laravel/framework/src/Illuminate/Routing/Pipeline.php(52): call_user_func(Object(Closure), Object(Illuminate\Http\Request))
#54 /opt/lampp/htdocs/casualstar_new/casualstar/vendor/laravel/framework/src/Illuminate/Foundation/Http/Middleware/CheckForMaintenanceMode.php(44): Illuminate\Routing\Pipeline->Illuminate\Routing\{closure}(Object(Illuminate\Http\Request))
#55 [internal function]: Illuminate\Foundation\Http\Middleware\CheckForMaintenanceMode->handle(Object(Illuminate\Http\Request), Object(Closure))
#56 /opt/lampp/htdocs/casualstar_new/casualstar/vendor/laravel/framework/src/Illuminate/Pipeline/Pipeline.php(136): call_user_func_array(Array, Array)
#57 [internal function]: Illuminate\Pipeline\Pipeline->Illuminate\Pipeline\{closure}(Object(Illuminate\Http\Request))
#58 /opt/lampp/htdocs/casualstar_new/casualstar/vendor/laravel/framework/src/Illuminate/Routing/Pipeline.php(32): call_user_func(Object(Closure), Object(Illuminate\Http\Request))
#59 [internal function]: Illuminate\Routing\Pipeline->Illuminate\Routing\{closure}(Object(Illuminate\Http\Request))
#60 /opt/lampp/htdocs/casualstar_new/casualstar/vendor/laravel/framework/src/Illuminate/Pipeline/Pipeline.php(103): call_user_func(Object(Closure), Object(Illuminate\Http\Request))
#61 /opt/lampp/htdocs/casualstar_new/casualstar/vendor/laravel/framework/src/Illuminate/Foundation/Http/Kernel.php(132): Illuminate\Pipeline\Pipeline->then(Object(Closure))
#62 /opt/lampp/htdocs/casualstar_new/casualstar/vendor/laravel/framework/src/Illuminate/Foundation/Http/Kernel.php(99): Illuminate\Foundation\Http\Kernel->sendRequestThroughRouter(Object(Illuminate\Http\Request))
#63 /opt/lampp/htdocs/casualstar_new/casualstar/public/index.php(54): Illuminate\Foundation\Http\Kernel->handle(Object(Illuminate\Http\Request))
#64 /opt/lampp/htdocs/casualstar_new/casualstar/server.php(21): require_once('/opt/lampp/htdo...')
#65 {main}

Next exception 'ErrorException' with message 'Undefined variable: showdate (View: /opt/lampp/htdocs/casualstar_new/casualstar/resources/views/competitions.blade.php)' in /opt/lampp/htdocs/casualstar_new/casualstar/storage/framework/views/d4d4d5322a11a276ebfc60a0a9be4c4918a5f3cd.php:34
Stack trace:
#0 /opt/lampp/htdocs/casualstar_new/casualstar/vendor/laravel/framework/src/Illuminate/View/Engines/PhpEngine.php(44): Illuminate\View\Engines\CompilerEngine->handleViewException(Object(ErrorException), 1)
#1 /opt/lampp/htdocs/casualstar_new/casualstar/vendor/laravel/framework/src/Illuminate/View/Engines/CompilerEngine.php(59): Illuminate\View\Engines\PhpEngine->evaluatePath('/opt/lampp/htdo...', Array)
#2 /opt/lampp/htdocs/casualstar_new/casualstar/vendor/laravel/framework/src/Illuminate/View/View.php(149): Illuminate\View\Engines\CompilerEngine->get('/opt/lampp/htdo...', Array)
#3 /opt/lampp/htdocs/casualstar_new/casualstar/vendor/laravel/framework/src/Illuminate/View/View.php(120): Illuminate\View\View->getContents()
#4 /opt/lampp/htdocs/casualstar_new/casualstar/vendor/laravel/framework/src/Illuminate/View/View.php(85): Illuminate\View\View->renderContents()
#5 /opt/lampp/htdocs/casualstar_new/casualstar/vendor/laravel/framework/src/Illuminate/Http/Response.php(53): Illuminate\View\View->render()
#6 /opt/lampp/htdocs/casualstar_new/casualstar/vendor/symfony/http-foundation/Response.php(201): Illuminate\Http\Response->setContent(Object(Illuminate\View\View))
#7 /opt/lampp/htdocs/casualstar_new/casualstar/vendor/laravel/framework/src/Illuminate/Routing/Router.php(1085): Symfony\Component\HttpFoundation\Response->__construct(Object(Illuminate\View\View))
#8 /opt/lampp/htdocs/casualstar_new/casualstar/vendor/laravel/framework/src/Illuminate/Routing/ControllerDispatcher.php(95): Illuminate\Routing\Router->prepareResponse(Object(Illuminate\Http\Request), Object(Illuminate\View\View))
#9 [internal function]: Illuminate\Routing\ControllerDispatcher->Illuminate\Routing\{closure}(Object(Illuminate\Http\Request))
#10 /opt/lampp/htdocs/casualstar_new/casualstar/vendor/laravel/framework/src/Illuminate/Routing/Pipeline.php(52): call_user_func(Object(Closure), Object(Illuminate\Http\Request))
#11 [internal function]: Illuminate\Routing\Pipeline->Illuminate\Routing\{closure}(Object(Illuminate\Http\Request))
#12 /opt/lampp/htdocs/casualstar_new/casualstar/vendor/laravel/framework/src/Illuminate/Pipeline/Pipeline.php(103): call_user_func(Object(Closure), Object(Illuminate\Http\Request))
#13 /opt/lampp/htdocs/casualstar_new/casualstar/vendor/laravel/framework/src/Illuminate/Routing/ControllerDispatcher.php(96): Illuminate\Pipeline\Pipeline->then(Object(Closure))
#14 /opt/lampp/htdocs/casualstar_new/casualstar/vendor/laravel/framework/src/Illuminate/Routing/ControllerDispatcher.php(54): Illuminate\Routing\ControllerDispatcher->callWithinStack(Object(App\Http\Controllers\competitionController), Object(Illuminate\Routing\Route), Object(Illuminate\Http\Request), 'editd')
#15 /opt/lampp/htdocs/casualstar_new/casualstar/vendor/laravel/framework/src/Illuminate/Routing/Route.php(174): Illuminate\Routing\ControllerDispatcher->dispatch(Object(Illuminate\Routing\Route), Object(Illuminate\Http\Request), 'App\\Http\\Contro...', 'editd')
#16 /opt/lampp/htdocs/casualstar_new/casualstar/vendor/laravel/framework/src/Illuminate/Routing/Route.php(140): Illuminate\Routing\Route->runController(Object(Illuminate\Http\Request))
#17 /opt/lampp/htdocs/casualstar_new/casualstar/vendor/laravel/framework/src/Illuminate/Routing/Router.php(724): Illuminate\Routing\Route->run(Object(Illuminate\Http\Request))
#18 [internal function]: Illuminate\Routing\Router->Illuminate\Routing\{closure}(Object(Illuminate\Http\Request))
#19 /opt/lampp/htdocs/casualstar_new/casualstar/vendor/laravel/framework/src/Illuminate/Routing/Pipeline.php(52): call_user_func(Object(Closure), Object(Illuminate\Http\Request))
#20 /opt/lampp/htdocs/casualstar_new/casualstar/vendor/laravel/framework/src/Illuminate/Foundation/Http/Middleware/VerifyCsrfToken.php(64): Illuminate\Routing\Pipeline->Illuminate\Routing\{closure}(Object(Illuminate\Http\Request))
#21 [internal function]: Illuminate\Foundation\Http\Middleware\VerifyCsrfToken->handle(Object(Illuminate\Http\Request), Object(Closure))
#22 /opt/lampp/htdocs/casualstar_new/casualstar/vendor/laravel/framework/src/Illuminate/Pipeline/Pipeline.php(136): call_user_func_array(Array, Array)
#23 [internal function]: Illuminate\Pipeline\Pipeline->Illuminate\Pipeline\{closure}(Object(Illuminate\Http\Request))
#24 /opt/lampp/htdocs/casualstar_new/casualstar/vendor/laravel/framework/src/Illuminate/Routing/Pipeline.php(32): call_user_func(Object(Closure), Object(Illuminate\Http\Request))
#25 /opt/lampp/htdocs/casualstar_new/casualstar/vendor/laravel/framework/src/Illuminate/View/Middleware/ShareErrorsFromSession.php(49): Illuminate\Routing\Pipeline->Illuminate\Routing\{closure}(Object(Illuminate\Http\Request))
#26 [internal function]: Illuminate\View\Middleware\ShareErrorsFromSession->handle(Object(Illuminate\Http\Request), Object(Closure))
#27 /opt/lampp/htdocs/casualstar_new/casualstar/vendor/laravel/framework/src/Illuminate/Pipeline/Pipeline.php(136): call_user_func_array(Array, Array)
#28 [internal function]: Illuminate\Pipeline\Pipeline->Illuminate\Pipeline\{closure}(Object(Illuminate\Http\Request))
#29 /opt/lampp/htdocs/casualstar_new/casualstar/vendor/laravel/framework/src/Illuminate/Routing/Pipeline.php(32): call_user_func(Object(Closure), Object(Illuminate\Http\Request))
#30 /opt/lampp/htdocs/casualstar_new/casualstar/vendor/laravel/framework/src/Illuminate/Session/Middleware/StartSession.php(64): Illuminate\Routing\Pipeline->Illuminate\Routing\{closure}(Object(Illuminate\Http\Request))
#31 [internal function]: Illuminate\Session\Middleware\StartSession->handle(Object(Illuminate\Http\Request), Object(Closure))
#32 /opt/lampp/htdocs/casualstar_new/casualstar/vendor/laravel/framework/src/Illuminate/Pipeline/Pipeline.php(136): call_user_func_array(Array, Array)
#33 [internal function]: Illuminate\Pipeline\Pipeline->Illuminate\Pipeline\{closure}(Object(Illuminate\Http\Request))
#34 /opt/lampp/htdocs/casualstar_new/casualstar/vendor/laravel/framework/src/Illuminate/Routing/Pipeline.php(32): call_user_func(Object(Closure), Object(Illuminate\Http\Request))
#35 /opt/lampp/htdocs/casualstar_new/casualstar/vendor/laravel/framework/src/Illuminate/Cookie/Middleware/AddQueuedCookiesToResponse.php(37): Illuminate\Routing\Pipeline->Illuminate\Routing\{closure}(Object(Illuminate\Http\Request))
#36 [internal function]: Illuminate\Cookie\Middleware\AddQueuedCookiesToResponse->handle(Object(Illuminate\Http\Request), Object(Closure))
#37 /opt/lampp/htdocs/casualstar_new/casualstar/vendor/laravel/framework/src/Illuminate/Pipeline/Pipeline.php(136): call_user_func_array(Array, Array)
#38 [internal function]: Illuminate\Pipeline\Pipeline->Illuminate\Pipeline\{closure}(Object(Illuminate\Http\Request))
#39 /opt/lampp/htdocs/casualstar_new/casualstar/vendor/laravel/framework/src/Illuminate/Routing/Pipeline.php(32): call_user_func(Object(Closure), Object(Illuminate\Http\Request))
#40 /opt/lampp/htdocs/casualstar_new/casualstar/vendor/laravel/framework/src/Illuminate/Cookie/Middleware/EncryptCookies.php(59): Illuminate\Routing\Pipeline->Illuminate\Routing\{closure}(Object(Illuminate\Http\Request))
#41 [internal function]: Illuminate\Cookie\Middleware\EncryptCookies->handle(Object(Illuminate\Http\Request), Object(Closure))
#42 /opt/lampp/htdocs/casualstar_new/casualstar/vendor/laravel/framework/src/Illuminate/Pipeline/Pipeline.php(136): call_user_func_array(Array, Array)
#43 [internal function]: Illuminate\Pipeline\Pipeline->Illuminate\Pipeline\{closure}(Object(Illuminate\Http\Request))
#44 /opt/lampp/htdocs/casualstar_new/casualstar/vendor/laravel/framework/src/Illuminate/Routing/Pipeline.php(32): call_user_func(Object(Closure), Object(Illuminate\Http\Request))
#45 [internal function]: Illuminate\Routing\Pipeline->Illuminate\Routing\{closure}(Object(Illuminate\Http\Request))
#46 /opt/lampp/htdocs/casualstar_new/casualstar/vendor/laravel/framework/src/Illuminate/Pipeline/Pipeline.php(103): call_user_func(Object(Closure), Object(Illuminate\Http\Request))
#47 /opt/lampp/htdocs/casualstar_new/casualstar/vendor/laravel/framework/src/Illuminate/Routing/Router.php(726): Illuminate\Pipeline\Pipeline->then(Object(Closure))
#48 /opt/lampp/htdocs/casualstar_new/casualstar/vendor/laravel/framework/src/Illuminate/Routing/Router.php(699): Illuminate\Routing\Router->runRouteWithinStack(Object(Illuminate\Routing\Route), Object(Illuminate\Http\Request))
#49 /opt/lampp/htdocs/casualstar_new/casualstar/vendor/laravel/framework/src/Illuminate/Routing/Router.php(675): Illuminate\Routing\Router->dispatchToRoute(Object(Illuminate\Http\Request))
#50 /opt/lampp/htdocs/casualstar_new/casualstar/vendor/laravel/framework/src/Illuminate/Foundation/Http/Kernel.php(246): Illuminate\Routing\Router->dispatch(Object(Illuminate\Http\Request))
#51 [internal function]: Illuminate\Foundation\Http\Kernel->Illuminate\Foundation\Http\{closure}(Object(Illuminate\Http\Request))
#52 /opt/lampp/htdocs/casualstar_new/casualstar/vendor/laravel/framework/src/Illuminate/Routing/Pipeline.php(52): call_user_func(Object(Closure), Object(Illuminate\Http\Request))
#53 /opt/lampp/htdocs/casualstar_new/casualstar/vendor/laravel/framework/src/Illuminate/Foundation/Http/Middleware/CheckForMaintenanceMode.php(44): Illuminate\Routing\Pipeline->Illuminate\Routing\{closure}(Object(Illuminate\Http\Request))
#54 [internal function]: Illuminate\Foundation\Http\Middleware\CheckForMaintenanceMode->handle(Object(Illuminate\Http\Request), Object(Closure))
#55 /opt/lampp/htdocs/casualstar_new/casualstar/vendor/laravel/framework/src/Illuminate/Pipeline/Pipeline.php(136): call_user_func_array(Array, Array)
#56 [internal function]: Illuminate\Pipeline\Pipeline->Illuminate\Pipeline\{closure}(Object(Illuminate\Http\Request))
#57 /opt/lampp/htdocs/casualstar_new/casualstar/vendor/laravel/framework/src/Illuminate/Routing/Pipeline.php(32): call_user_func(Object(Closure), Object(Illuminate\Http\Request))
#58 [internal function]: Illuminate\Routing\Pipeline->Illuminate\Routing\{closure}(Object(Illuminate\Http\Request))
#59 /opt/lampp/htdocs/casualstar_new/casualstar/vendor/laravel/framework/src/Illuminate/Pipeline/Pipeline.php(103): call_user_func(Object(Closure), Object(Illuminate\Http\Request))
#60 /opt/lampp/htdocs/casualstar_new/casualstar/vendor/laravel/framework/src/Illuminate/Foundation/Http/Kernel.php(132): Illuminate\Pipeline\Pipeline->then(Object(Closure))
#61 /opt/lampp/htdocs/casualstar_new/casualstar/vendor/laravel/framework/src/Illuminate/Foundation/Http/Kernel.php(99): Illuminate\Foundation\Http\Kernel->sendRequestThroughRouter(Object(Illuminate\Http\Request))
#62 /opt/lampp/htdocs/casualstar_new/casualstar/public/index.php(54): Illuminate\Foundation\Http\Kernel->handle(Object(Illuminate\Http\Request))
#63 /opt/lampp/htdocs/casualstar_new/casualstar/server.php(21): require_once('/opt/lampp/htdo...')
#64 {main}  
[2019-03-19 06:44:47] local.ERROR: exception 'ErrorException' with message 'Undefined variable: showdate' in /opt/lampp/htdocs/casualstar_new/casualstar/storage/framework/views/d4d4d5322a11a276ebfc60a0a9be4c4918a5f3cd.php:34
Stack trace:
#0 /opt/lampp/htdocs/casualstar_new/casualstar/storage/framework/views/d4d4d5322a11a276ebfc60a0a9be4c4918a5f3cd.php(34): Illuminate\Foundation\Bootstrap\HandleExceptions->handleError(8, 'Undefined varia...', '/opt/lampp/htdo...', 34, Array)
#1 /opt/lampp/htdocs/casualstar_new/casualstar/vendor/laravel/framework/src/Illuminate/View/Engines/PhpEngine.php(42): include('/opt/lampp/htdo...')
#2 /opt/lampp/htdocs/casualstar_new/casualstar/vendor/laravel/framework/src/Illuminate/View/Engines/CompilerEngine.php(59): Illuminate\View\Engines\PhpEngine->evaluatePath('/opt/lampp/htdo...', Array)
#3 /opt/lampp/htdocs/casualstar_new/casualstar/vendor/laravel/framework/src/Illuminate/View/View.php(149): Illuminate\View\Engines\CompilerEngine->get('/opt/lampp/htdo...', Array)
#4 /opt/lampp/htdocs/casualstar_new/casualstar/vendor/laravel/framework/src/Illuminate/View/View.php(120): Illuminate\View\View->getContents()
#5 /opt/lampp/htdocs/casualstar_new/casualstar/vendor/laravel/framework/src/Illuminate/View/View.php(85): Illuminate\View\View->renderContents()
#6 /opt/lampp/htdocs/casualstar_new/casualstar/vendor/laravel/framework/src/Illuminate/Http/Response.php(53): Illuminate\View\View->render()
#7 /opt/lampp/htdocs/casualstar_new/casualstar/vendor/symfony/http-foundation/Response.php(201): Illuminate\Http\Response->setContent(Object(Illuminate\View\View))
#8 /opt/lampp/htdocs/casualstar_new/casualstar/vendor/laravel/framework/src/Illuminate/Routing/Router.php(1085): Symfony\Component\HttpFoundation\Response->__construct(Object(Illuminate\View\View))
#9 /opt/lampp/htdocs/casualstar_new/casualstar/vendor/laravel/framework/src/Illuminate/Routing/ControllerDispatcher.php(95): Illuminate\Routing\Router->prepareResponse(Object(Illuminate\Http\Request), Object(Illuminate\View\View))
#10 [internal function]: Illuminate\Routing\ControllerDispatcher->Illuminate\Routing\{closure}(Object(Illuminate\Http\Request))
#11 /opt/lampp/htdocs/casualstar_new/casualstar/vendor/laravel/framework/src/Illuminate/Routing/Pipeline.php(52): call_user_func(Object(Closure), Object(Illuminate\Http\Request))
#12 [internal function]: Illuminate\Routing\Pipeline->Illuminate\Routing\{closure}(Object(Illuminate\Http\Request))
#13 /opt/lampp/htdocs/casualstar_new/casualstar/vendor/laravel/framework/src/Illuminate/Pipeline/Pipeline.php(103): call_user_func(Object(Closure), Object(Illuminate\Http\Request))
#14 /opt/lampp/htdocs/casualstar_new/casualstar/vendor/laravel/framework/src/Illuminate/Routing/ControllerDispatcher.php(96): Illuminate\Pipeline\Pipeline->then(Object(Closure))
#15 /opt/lampp/htdocs/casualstar_new/casualstar/vendor/laravel/framework/src/Illuminate/Routing/ControllerDispatcher.php(54): Illuminate\Routing\ControllerDispatcher->callWithinStack(Object(App\Http\Controllers\competitionController), Object(Illuminate\Routing\Route), Object(Illuminate\Http\Request), 'editd')
#16 /opt/lampp/htdocs/casualstar_new/casualstar/vendor/laravel/framework/src/Illuminate/Routing/Route.php(174): Illuminate\Routing\ControllerDispatcher->dispatch(Object(Illuminate\Routing\Route), Object(Illuminate\Http\Request), 'App\\Http\\Contro...', 'editd')
#17 /opt/lampp/htdocs/casualstar_new/casualstar/vendor/laravel/framework/src/Illuminate/Routing/Route.php(140): Illuminate\Routing\Route->runController(Object(Illuminate\Http\Request))
#18 /opt/lampp/htdocs/casualstar_new/casualstar/vendor/laravel/framework/src/Illuminate/Routing/Router.php(724): Illuminate\Routing\Route->run(Object(Illuminate\Http\Request))
#19 [internal function]: Illuminate\Routing\Router->Illuminate\Routing\{closure}(Object(Illuminate\Http\Request))
#20 /opt/lampp/htdocs/casualstar_new/casualstar/vendor/laravel/framework/src/Illuminate/Routing/Pipeline.php(52): call_user_func(Object(Closure), Object(Illuminate\Http\Request))
#21 /opt/lampp/htdocs/casualstar_new/casualstar/vendor/laravel/framework/src/Illuminate/Foundation/Http/Middleware/VerifyCsrfToken.php(64): Illuminate\Routing\Pipeline->Illuminate\Routing\{closure}(Object(Illuminate\Http\Request))
#22 [internal function]: Illuminate\Foundation\Http\Middleware\VerifyCsrfToken->handle(Object(Illuminate\Http\Request), Object(Closure))
#23 /opt/lampp/htdocs/casualstar_new/casualstar/vendor/laravel/framework/src/Illuminate/Pipeline/Pipeline.php(136): call_user_func_array(Array, Array)
#24 [internal function]: Illuminate\Pipeline\Pipeline->Illuminate\Pipeline\{closure}(Object(Illuminate\Http\Request))
#25 /opt/lampp/htdocs/casualstar_new/casualstar/vendor/laravel/framework/src/Illuminate/Routing/Pipeline.php(32): call_user_func(Object(Closure), Object(Illuminate\Http\Request))
#26 /opt/lampp/htdocs/casualstar_new/casualstar/vendor/laravel/framework/src/Illuminate/View/Middleware/ShareErrorsFromSession.php(49): Illuminate\Routing\Pipeline->Illuminate\Routing\{closure}(Object(Illuminate\Http\Request))
#27 [internal function]: Illuminate\View\Middleware\ShareErrorsFromSession->handle(Object(Illuminate\Http\Request), Object(Closure))
#28 /opt/lampp/htdocs/casualstar_new/casualstar/vendor/laravel/framework/src/Illuminate/Pipeline/Pipeline.php(136): call_user_func_array(Array, Array)
#29 [internal function]: Illuminate\Pipeline\Pipeline->Illuminate\Pipeline\{closure}(Object(Illuminate\Http\Request))
#30 /opt/lampp/htdocs/casualstar_new/casualstar/vendor/laravel/framework/src/Illuminate/Routing/Pipeline.php(32): call_user_func(Object(Closure), Object(Illuminate\Http\Request))
#31 /opt/lampp/htdocs/casualstar_new/casualstar/vendor/laravel/framework/src/Illuminate/Session/Middleware/StartSession.php(64): Illuminate\Routing\Pipeline->Illuminate\Routing\{closure}(Object(Illuminate\Http\Request))
#32 [internal function]: Illuminate\Session\Middleware\StartSession->handle(Object(Illuminate\Http\Request), Object(Closure))
#33 /opt/lampp/htdocs/casualstar_new/casualstar/vendor/laravel/framework/src/Illuminate/Pipeline/Pipeline.php(136): call_user_func_array(Array, Array)
#34 [internal function]: Illuminate\Pipeline\Pipeline->Illuminate\Pipeline\{closure}(Object(Illuminate\Http\Request))
#35 /opt/lampp/htdocs/casualstar_new/casualstar/vendor/laravel/framework/src/Illuminate/Routing/Pipeline.php(32): call_user_func(Object(Closure), Object(Illuminate\Http\Request))
#36 /opt/lampp/htdocs/casualstar_new/casualstar/vendor/laravel/framework/src/Illuminate/Cookie/Middleware/AddQueuedCookiesToResponse.php(37): Illuminate\Routing\Pipeline->Illuminate\Routing\{closure}(Object(Illuminate\Http\Request))
#37 [internal function]: Illuminate\Cookie\Middleware\AddQueuedCookiesToResponse->handle(Object(Illuminate\Http\Request), Object(Closure))
#38 /opt/lampp/htdocs/casualstar_new/casualstar/vendor/laravel/framework/src/Illuminate/Pipeline/Pipeline.php(136): call_user_func_array(Array, Array)
#39 [internal function]: Illuminate\Pipeline\Pipeline->Illuminate\Pipeline\{closure}(Object(Illuminate\Http\Request))
#40 /opt/lampp/htdocs/casualstar_new/casualstar/vendor/laravel/framework/src/Illuminate/Routing/Pipeline.php(32): call_user_func(Object(Closure), Object(Illuminate\Http\Request))
#41 /opt/lampp/htdocs/casualstar_new/casualstar/vendor/laravel/framework/src/Illuminate/Cookie/Middleware/EncryptCookies.php(59): Illuminate\Routing\Pipeline->Illuminate\Routing\{closure}(Object(Illuminate\Http\Request))
#42 [internal function]: Illuminate\Cookie\Middleware\EncryptCookies->handle(Object(Illuminate\Http\Request), Object(Closure))
#43 /opt/lampp/htdocs/casualstar_new/casualstar/vendor/laravel/framework/src/Illuminate/Pipeline/Pipeline.php(136): call_user_func_array(Array, Array)
#44 [internal function]: Illuminate\Pipeline\Pipeline->Illuminate\Pipeline\{closure}(Object(Illuminate\Http\Request))
#45 /opt/lampp/htdocs/casualstar_new/casualstar/vendor/laravel/framework/src/Illuminate/Routing/Pipeline.php(32): call_user_func(Object(Closure), Object(Illuminate\Http\Request))
#46 [internal function]: Illuminate\Routing\Pipeline->Illuminate\Routing\{closure}(Object(Illuminate\Http\Request))
#47 /opt/lampp/htdocs/casualstar_new/casualstar/vendor/laravel/framework/src/Illuminate/Pipeline/Pipeline.php(103): call_user_func(Object(Closure), Object(Illuminate\Http\Request))
#48 /opt/lampp/htdocs/casualstar_new/casualstar/vendor/laravel/framework/src/Illuminate/Routing/Router.php(726): Illuminate\Pipeline\Pipeline->then(Object(Closure))
#49 /opt/lampp/htdocs/casualstar_new/casualstar/vendor/laravel/framework/src/Illuminate/Routing/Router.php(699): Illuminate\Routing\Router->runRouteWithinStack(Object(Illuminate\Routing\Route), Object(Illuminate\Http\Request))
#50 /opt/lampp/htdocs/casualstar_new/casualstar/vendor/laravel/framework/src/Illuminate/Routing/Router.php(675): Illuminate\Routing\Router->dispatchToRoute(Object(Illuminate\Http\Request))
#51 /opt/lampp/htdocs/casualstar_new/casualstar/vendor/laravel/framework/src/Illuminate/Foundation/Http/Kernel.php(246): Illuminate\Routing\Router->dispatch(Object(Illuminate\Http\Request))
#52 [internal function]: Illuminate\Foundation\Http\Kernel->Illuminate\Foundation\Http\{closure}(Object(Illuminate\Http\Request))
#53 /opt/lampp/htdocs/casualstar_new/casualstar/vendor/laravel/framework/src/Illuminate/Routing/Pipeline.php(52): call_user_func(Object(Closure), Object(Illuminate\Http\Request))
#54 /opt/lampp/htdocs/casualstar_new/casualstar/vendor/laravel/framework/src/Illuminate/Foundation/Http/Middleware/CheckForMaintenanceMode.php(44): Illuminate\Routing\Pipeline->Illuminate\Routing\{closure}(Object(Illuminate\Http\Request))
#55 [internal function]: Illuminate\Foundation\Http\Middleware\CheckForMaintenanceMode->handle(Object(Illuminate\Http\Request), Object(Closure))
#56 /opt/lampp/htdocs/casualstar_new/casualstar/vendor/laravel/framework/src/Illuminate/Pipeline/Pipeline.php(136): call_user_func_array(Array, Array)
#57 [internal function]: Illuminate\Pipeline\Pipeline->Illuminate\Pipeline\{closure}(Object(Illuminate\Http\Request))
#58 /opt/lampp/htdocs/casualstar_new/casualstar/vendor/laravel/framework/src/Illuminate/Routing/Pipeline.php(32): call_user_func(Object(Closure), Object(Illuminate\Http\Request))
#59 [internal function]: Illuminate\Routing\Pipeline->Illuminate\Routing\{closure}(Object(Illuminate\Http\Request))
#60 /opt/lampp/htdocs/casualstar_new/casualstar/vendor/laravel/framework/src/Illuminate/Pipeline/Pipeline.php(103): call_user_func(Object(Closure), Object(Illuminate\Http\Request))
#61 /opt/lampp/htdocs/casualstar_new/casualstar/vendor/laravel/framework/src/Illuminate/Foundation/Http/Kernel.php(132): Illuminate\Pipeline\Pipeline->then(Object(Closure))
#62 /opt/lampp/htdocs/casualstar_new/casualstar/vendor/laravel/framework/src/Illuminate/Foundation/Http/Kernel.php(99): Illuminate\Foundation\Http\Kernel->sendRequestThroughRouter(Object(Illuminate\Http\Request))
#63 /opt/lampp/htdocs/casualstar_new/casualstar/public/index.php(54): Illuminate\Foundation\Http\Kernel->handle(Object(Illuminate\Http\Request))
#64 /opt/lampp/htdocs/casualstar_new/casualstar/server.php(21): require_once('/opt/lampp/htdo...')
#65 {main}

Next exception 'ErrorException' with message 'Undefined variable: showdate (View: /opt/lampp/htdocs/casualstar_new/casualstar/resources/views/competitions.blade.php)' in /opt/lampp/htdocs/casualstar_new/casualstar/storage/framework/views/d4d4d5322a11a276ebfc60a0a9be4c4918a5f3cd.php:34
Stack trace:
#0 /opt/lampp/htdocs/casualstar_new/casualstar/vendor/laravel/framework/src/Illuminate/View/Engines/PhpEngine.php(44): Illuminate\View\Engines\CompilerEngine->handleViewException(Object(ErrorException), 1)
#1 /opt/lampp/htdocs/casualstar_new/casualstar/vendor/laravel/framework/src/Illuminate/View/Engines/CompilerEngine.php(59): Illuminate\View\Engines\PhpEngine->evaluatePath('/opt/lampp/htdo...', Array)
#2 /opt/lampp/htdocs/casualstar_new/casualstar/vendor/laravel/framework/src/Illuminate/View/View.php(149): Illuminate\View\Engines\CompilerEngine->get('/opt/lampp/htdo...', Array)
#3 /opt/lampp/htdocs/casualstar_new/casualstar/vendor/laravel/framework/src/Illuminate/View/View.php(120): Illuminate\View\View->getContents()
#4 /opt/lampp/htdocs/casualstar_new/casualstar/vendor/laravel/framework/src/Illuminate/View/View.php(85): Illuminate\View\View->renderContents()
#5 /opt/lampp/htdocs/casualstar_new/casualstar/vendor/laravel/framework/src/Illuminate/Http/Response.php(53): Illuminate\View\View->render()
#6 /opt/lampp/htdocs/casualstar_new/casualstar/vendor/symfony/http-foundation/Response.php(201): Illuminate\Http\Response->setContent(Object(Illuminate\View\View))
#7 /opt/lampp/htdocs/casualstar_new/casualstar/vendor/laravel/framework/src/Illuminate/Routing/Router.php(1085): Symfony\Component\HttpFoundation\Response->__construct(Object(Illuminate\View\View))
#8 /opt/lampp/htdocs/casualstar_new/casualstar/vendor/laravel/framework/src/Illuminate/Routing/ControllerDispatcher.php(95): Illuminate\Routing\Router->prepareResponse(Object(Illuminate\Http\Request), Object(Illuminate\View\View))
#9 [internal function]: Illuminate\Routing\ControllerDispatcher->Illuminate\Routing\{closure}(Object(Illuminate\Http\Request))
#10 /opt/lampp/htdocs/casualstar_new/casualstar/vendor/laravel/framework/src/Illuminate/Routing/Pipeline.php(52): call_user_func(Object(Closure), Object(Illuminate\Http\Request))
#11 [internal function]: Illuminate\Routing\Pipeline->Illuminate\Routing\{closure}(Object(Illuminate\Http\Request))
#12 /opt/lampp/htdocs/casualstar_new/casualstar/vendor/laravel/framework/src/Illuminate/Pipeline/Pipeline.php(103): call_user_func(Object(Closure), Object(Illuminate\Http\Request))
#13 /opt/lampp/htdocs/casualstar_new/casualstar/vendor/laravel/framework/src/Illuminate/Routing/ControllerDispatcher.php(96): Illuminate\Pipeline\Pipeline->then(Object(Closure))
#14 /opt/lampp/htdocs/casualstar_new/casualstar/vendor/laravel/framework/src/Illuminate/Routing/ControllerDispatcher.php(54): Illuminate\Routing\ControllerDispatcher->callWithinStack(Object(App\Http\Controllers\competitionController), Object(Illuminate\Routing\Route), Object(Illuminate\Http\Request), 'editd')
#15 /opt/lampp/htdocs/casualstar_new/casualstar/vendor/laravel/framework/src/Illuminate/Routing/Route.php(174): Illuminate\Routing\ControllerDispatcher->dispatch(Object(Illuminate\Routing\Route), Object(Illuminate\Http\Request), 'App\\Http\\Contro...', 'editd')
#16 /opt/lampp/htdocs/casualstar_new/casualstar/vendor/laravel/framework/src/Illuminate/Routing/Route.php(140): Illuminate\Routing\Route->runController(Object(Illuminate\Http\Request))
#17 /opt/lampp/htdocs/casualstar_new/casualstar/vendor/laravel/framework/src/Illuminate/Routing/Router.php(724): Illuminate\Routing\Route->run(Object(Illuminate\Http\Request))
#18 [internal function]: Illuminate\Routing\Router->Illuminate\Routing\{closure}(Object(Illuminate\Http\Request))
#19 /opt/lampp/htdocs/casualstar_new/casualstar/vendor/laravel/framework/src/Illuminate/Routing/Pipeline.php(52): call_user_func(Object(Closure), Object(Illuminate\Http\Request))
#20 /opt/lampp/htdocs/casualstar_new/casualstar/vendor/laravel/framework/src/Illuminate/Foundation/Http/Middleware/VerifyCsrfToken.php(64): Illuminate\Routing\Pipeline->Illuminate\Routing\{closure}(Object(Illuminate\Http\Request))
#21 [internal function]: Illuminate\Foundation\Http\Middleware\VerifyCsrfToken->handle(Object(Illuminate\Http\Request), Object(Closure))
#22 /opt/lampp/htdocs/casualstar_new/casualstar/vendor/laravel/framework/src/Illuminate/Pipeline/Pipeline.php(136): call_user_func_array(Array, Array)
#23 [internal function]: Illuminate\Pipeline\Pipeline->Illuminate\Pipeline\{closure}(Object(Illuminate\Http\Request))
#24 /opt/lampp/htdocs/casualstar_new/casualstar/vendor/laravel/framework/src/Illuminate/Routing/Pipeline.php(32): call_user_func(Object(Closure), Object(Illuminate\Http\Request))
#25 /opt/lampp/htdocs/casualstar_new/casualstar/vendor/laravel/framework/src/Illuminate/View/Middleware/ShareErrorsFromSession.php(49): Illuminate\Routing\Pipeline->Illuminate\Routing\{closure}(Object(Illuminate\Http\Request))
#26 [internal function]: Illuminate\View\Middleware\ShareErrorsFromSession->handle(Object(Illuminate\Http\Request), Object(Closure))
#27 /opt/lampp/htdocs/casualstar_new/casualstar/vendor/laravel/framework/src/Illuminate/Pipeline/Pipeline.php(136): call_user_func_array(Array, Array)
#28 [internal function]: Illuminate\Pipeline\Pipeline->Illuminate\Pipeline\{closure}(Object(Illuminate\Http\Request))
#29 /opt/lampp/htdocs/casualstar_new/casualstar/vendor/laravel/framework/src/Illuminate/Routing/Pipeline.php(32): call_user_func(Object(Closure), Object(Illuminate\Http\Request))
#30 /opt/lampp/htdocs/casualstar_new/casualstar/vendor/laravel/framework/src/Illuminate/Session/Middleware/StartSession.php(64): Illuminate\Routing\Pipeline->Illuminate\Routing\{closure}(Object(Illuminate\Http\Request))
#31 [internal function]: Illuminate\Session\Middleware\StartSession->handle(Object(Illuminate\Http\Request), Object(Closure))
#32 /opt/lampp/htdocs/casualstar_new/casualstar/vendor/laravel/framework/src/Illuminate/Pipeline/Pipeline.php(136): call_user_func_array(Array, Array)
#33 [internal function]: Illuminate\Pipeline\Pipeline->Illuminate\Pipeline\{closure}(Object(Illuminate\Http\Request))
#34 /opt/lampp/htdocs/casualstar_new/casualstar/vendor/laravel/framework/src/Illuminate/Routing/Pipeline.php(32): call_user_func(Object(Closure), Object(Illuminate\Http\Request))
#35 /opt/lampp/htdocs/casualstar_new/casualstar/vendor/laravel/framework/src/Illuminate/Cookie/Middleware/AddQueuedCookiesToResponse.php(37): Illuminate\Routing\Pipeline->Illuminate\Routing\{closure}(Object(Illuminate\Http\Request))
#36 [internal function]: Illuminate\Cookie\Middleware\AddQueuedCookiesToResponse->handle(Object(Illuminate\Http\Request), Object(Closure))
#37 /opt/lampp/htdocs/casualstar_new/casualstar/vendor/laravel/framework/src/Illuminate/Pipeline/Pipeline.php(136): call_user_func_array(Array, Array)
#38 [internal function]: Illuminate\Pipeline\Pipeline->Illuminate\Pipeline\{closure}(Object(Illuminate\Http\Request))
#39 /opt/lampp/htdocs/casualstar_new/casualstar/vendor/laravel/framework/src/Illuminate/Routing/Pipeline.php(32): call_user_func(Object(Closure), Object(Illuminate\Http\Request))
#40 /opt/lampp/htdocs/casualstar_new/casualstar/vendor/laravel/framework/src/Illuminate/Cookie/Middleware/EncryptCookies.php(59): Illuminate\Routing\Pipeline->Illuminate\Routing\{closure}(Object(Illuminate\Http\Request))
#41 [internal function]: Illuminate\Cookie\Middleware\EncryptCookies->handle(Object(Illuminate\Http\Request), Object(Closure))
#42 /opt/lampp/htdocs/casualstar_new/casualstar/vendor/laravel/framework/src/Illuminate/Pipeline/Pipeline.php(136): call_user_func_array(Array, Array)
#43 [internal function]: Illuminate\Pipeline\Pipeline->Illuminate\Pipeline\{closure}(Object(Illuminate\Http\Request))
#44 /opt/lampp/htdocs/casualstar_new/casualstar/vendor/laravel/framework/src/Illuminate/Routing/Pipeline.php(32): call_user_func(Object(Closure), Object(Illuminate\Http\Request))
#45 [internal function]: Illuminate\Routing\Pipeline->Illuminate\Routing\{closure}(Object(Illuminate\Http\Request))
#46 /opt/lampp/htdocs/casualstar_new/casualstar/vendor/laravel/framework/src/Illuminate/Pipeline/Pipeline.php(103): call_user_func(Object(Closure), Object(Illuminate\Http\Request))
#47 /opt/lampp/htdocs/casualstar_new/casualstar/vendor/laravel/framework/src/Illuminate/Routing/Router.php(726): Illuminate\Pipeline\Pipeline->then(Object(Closure))
#48 /opt/lampp/htdocs/casualstar_new/casualstar/vendor/laravel/framework/src/Illuminate/Routing/Router.php(699): Illuminate\Routing\Router->runRouteWithinStack(Object(Illuminate\Routing\Route), Object(Illuminate\Http\Request))
#49 /opt/lampp/htdocs/casualstar_new/casualstar/vendor/laravel/framework/src/Illuminate/Routing/Router.php(675): Illuminate\Routing\Router->dispatchToRoute(Object(Illuminate\Http\Request))
#50 /opt/lampp/htdocs/casualstar_new/casualstar/vendor/laravel/framework/src/Illuminate/Foundation/Http/Kernel.php(246): Illuminate\Routing\Router->dispatch(Object(Illuminate\Http\Request))
#51 [internal function]: Illuminate\Foundation\Http\Kernel->Illuminate\Foundation\Http\{closure}(Object(Illuminate\Http\Request))
#52 /opt/lampp/htdocs/casualstar_new/casualstar/vendor/laravel/framework/src/Illuminate/Routing/Pipeline.php(52): call_user_func(Object(Closure), Object(Illuminate\Http\Request))
#53 /opt/lampp/htdocs/casualstar_new/casualstar/vendor/laravel/framework/src/Illuminate/Foundation/Http/Middleware/CheckForMaintenanceMode.php(44): Illuminate\Routing\Pipeline->Illuminate\Routing\{closure}(Object(Illuminate\Http\Request))
#54 [internal function]: Illuminate\Foundation\Http\Middleware\CheckForMaintenanceMode->handle(Object(Illuminate\Http\Request), Object(Closure))
#55 /opt/lampp/htdocs/casualstar_new/casualstar/vendor/laravel/framework/src/Illuminate/Pipeline/Pipeline.php(136): call_user_func_array(Array, Array)
#56 [internal function]: Illuminate\Pipeline\Pipeline->Illuminate\Pipeline\{closure}(Object(Illuminate\Http\Request))
#57 /opt/lampp/htdocs/casualstar_new/casualstar/vendor/laravel/framework/src/Illuminate/Routing/Pipeline.php(32): call_user_func(Object(Closure), Object(Illuminate\Http\Request))
#58 [internal function]: Illuminate\Routing\Pipeline->Illuminate\Routing\{closure}(Object(Illuminate\Http\Request))
#59 /opt/lampp/htdocs/casualstar_new/casualstar/vendor/laravel/framework/src/Illuminate/Pipeline/Pipeline.php(103): call_user_func(Object(Closure), Object(Illuminate\Http\Request))
#60 /opt/lampp/htdocs/casualstar_new/casualstar/vendor/laravel/framework/src/Illuminate/Foundation/Http/Kernel.php(132): Illuminate\Pipeline\Pipeline->then(Object(Closure))
#61 /opt/lampp/htdocs/casualstar_new/casualstar/vendor/laravel/framework/src/Illuminate/Foundation/Http/Kernel.php(99): Illuminate\Foundation\Http\Kernel->sendRequestThroughRouter(Object(Illuminate\Http\Request))
#62 /opt/lampp/htdocs/casualstar_new/casualstar/public/index.php(54): Illuminate\Foundation\Http\Kernel->handle(Object(Illuminate\Http\Request))
#63 /opt/lampp/htdocs/casualstar_new/casualstar/server.php(21): require_once('/opt/lampp/htdo...')
#64 {main}  
